<?xml version="1.0" encoding="UTF-8"?>
<!-- Generated by org.testng.reporters.JUnitReportReporter -->
<testsuite skipped="0" hostname="Pratibha-Bhawan" name="testCases.Product" tests="1" failures="0" timestamp="04 Nov 2019 11:04:15 GMT" time="374.705" errors="0">
  <testcase name="VerifyLocationData" time="374.705" classname="testCases.Product"/>
</testsuite> <!-- testCases.Product -->
