<?xml version="1.0" encoding="UTF-8"?>
<!-- Generated by org.testng.reporters.JUnitReportReporter -->
<testsuite skipped="0" hostname="Pratibha-Bhawan" name="testCases.Theme" tests="1" failures="0" timestamp="05 Nov 2019 10:28:48 GMT" time="32.786" errors="0">
  <testcase name="VerifyThemeData" time="32.786" classname="testCases.Theme"/>
</testsuite> <!-- testCases.Theme -->
