<?xml version="1.0" encoding="UTF-8"?>
<!-- Generated by org.testng.reporters.JUnitReportReporter -->
<testsuite skipped="0" hostname="Pratibha-Bhawan" name="testCases.HttpURLConnectionExample" tests="1" failures="0" timestamp="30 Sep 2019 11:35:10 GMT" time="0.045" errors="0">
  <testcase name="VerifyHTTPURLConnection" time="0.045" classname="testCases.HttpURLConnectionExample"/>
</testsuite> <!-- testCases.HttpURLConnectionExample -->
