<?xml version="1.0" encoding="UTF-8"?>
<!-- Generated by org.testng.reporters.JUnitReportReporter -->
<testsuite skipped="0" hostname="Pratibha-Bhawan" name="testCases.Customer" tests="1" failures="0" timestamp="15 Oct 2019 08:25:23 GMT" time="125.163" errors="0">
  <testcase name="VerifyCustomerData" time="125.163" classname="testCases.Customer"/>
</testsuite> <!-- testCases.Customer -->
