<?xml version="1.0" encoding="UTF-8"?>
<!-- Generated by org.testng.reporters.JUnitReportReporter -->
<testsuite skipped="0" hostname="Pratibha-Bhawan" name="testCases.Customer" tests="1" failures="0" timestamp="05 Nov 2019 11:18:49 GMT" time="63.663" errors="0">
  <testcase name="VerifyCustomerData" time="63.663" classname="testCases.Customer"/>
</testsuite> <!-- testCases.Customer -->
