<?xml version="1.0" encoding="UTF-8"?>
<!-- Generated by org.testng.reporters.JUnitReportReporter -->
<testsuite skipped="0" hostname="Nikhil-Jain1" name="testCases.Theme" tests="1" failures="0" timestamp="01 Nov 2019 11:56:25 GMT" time="92.806" errors="0">
  <testcase name="VerifyCustomerData" time="92.806" classname="testCases.Theme"/>
</testsuite> <!-- testCases.Theme -->
