<?xml version="1.0" encoding="UTF-8"?>
<!-- Generated by org.testng.reporters.JUnitReportReporter -->
<testsuite skipped="0" hostname="Pratibha-Bhawan" name="testCases.Customer" tests="1" failures="0" timestamp="01 Nov 2019 07:17:31 GMT" time="62.817" errors="0">
  <testcase name="VerifyCustomerData" time="62.817" classname="testCases.Customer"/>
</testsuite> <!-- testCases.Customer -->
