<?xml version="1.0" encoding="UTF-8"?>
<!-- Generated by org.testng.reporters.JUnitReportReporter -->
<testsuite skipped="0" hostname="Nikhil-Jain1" name="testCases.Location" tests="1" failures="0" timestamp="02 Nov 2019 05:21:12 GMT" time="142.414" errors="0">
  <testcase name="VerifyLocationData" time="142.414" classname="testCases.Location"/>
</testsuite> <!-- testCases.Location -->
