<?xml version="1.0" encoding="UTF-8"?>
<!-- Generated by org.testng.reporters.JUnitReportReporter -->
<testsuite skipped="0" hostname="Pratibha-Bhawan" name="testCases.Location" tests="1" failures="0" timestamp="01 Nov 2019 07:11:07 GMT" time="93.201" errors="0">
  <testcase name="VerifyLocationData" time="93.201" classname="testCases.Location"/>
</testsuite> <!-- testCases.Location -->
