<?xml version="1.0" encoding="UTF-8"?>
<!-- Generated by org.testng.reporters.JUnitReportReporter -->
<testsuite skipped="0" hostname="Pratibha-Bhawan" name="testCases.Location" tests="1" failures="0" timestamp="04 Nov 2019 09:43:03 GMT" time="73.244" errors="0">
  <testcase name="VerifyLocationData" time="73.244" classname="testCases.Location"/>
</testsuite> <!-- testCases.Location -->
