<?xml version="1.0" encoding="UTF-8"?>
<!-- Generated by org.testng.reporters.JUnitReportReporter -->
<testsuite skipped="0" hostname="Pratibha-Bhawan" name="testCases.Location" tests="1" failures="0" timestamp="05 Nov 2019 10:28:48 GMT" time="32.767" errors="0">
  <testcase name="VerifyLocationData" time="32.767" classname="testCases.Location"/>
</testsuite> <!-- testCases.Location -->
