<?xml version="1.0" encoding="UTF-8"?>
<!-- Generated by org.testng.reporters.JUnitReportReporter -->
<testsuite skipped="0" hostname="Pratibha-Bhawan" name="testCases.Customer" tests="1" failures="0" timestamp="04 Oct 2019 08:28:13 GMT" time="2.727" errors="0">
  <testcase name="VerifyCustomerData" time="2.727" classname="testCases.Customer"/>
</testsuite> <!-- testCases.Customer -->
